<?xml version="1.0" encoding="UTF-8"?>
<!-- Generated by org.testng.reporters.JUnitReportReporter -->
<testsuite skipped="0" hostname="DESKTOP-7MOHEMN" name="qsp.Demo" tests="1" failures="0" timestamp="15 Jun 2018 08:10:20 GMT" time="0.023" errors="0">
  <testcase name="abc" time="0.023" classname="qsp.Demo"/>
</testsuite> <!-- qsp.Demo -->
